TEST: 5 /home/pool/argo081/Game-Of-Life/misc/grids/small
TEST: 5 /home/pool/argo081/Game-Of-Life/misc/grids/small
TEST: 5 /home/pool/argo081/Game-Of-Life/misc/grids/small
TEST: 5 /home/pool/argo081/Game-Of-Life/misc/grids/small
TEST: 5 /home/pool/argo081/Game-Of-Life/misc/grids/small
TEST: 5 /home/pool/argo081/Game-Of-Life/misc/grids/small
TEST: 5 /home/pool/argo081/Game-Of-Life/misc/grids/small
TEST: 5 /home/pool/argo081/Game-Of-Life/misc/grids/small
TEST: 5 /home/pool/argo081/Game-Of-Life/misc/grids/small
TEST: 5 /home/pool/argo081/Game-Of-Life/misc/grids/small
TEST: 5 /home/pool/argo081/Game-Of-Life/misc/grids/small
TEST: 5 /home/pool/argo081/Game-Of-Life/misc/grids/small
TEST: 5 /home/pool/argo081/Game-Of-Life/misc/grids/small
TEST: 5 /home/pool/argo081/Game-Of-Life/misc/grids/small
TEST: 5 /home/pool/argo081/Game-Of-Life/misc/grids/small
TEST: 5 /home/pool/argo081/Game-Of-Life/misc/grids/small
PW[ 2] Coord(0,2)
PW[ 2] ---> W: 1 - E: 3 -  S: -2 - N: 6 - SW: -3 - SE: -1 - NW: 5 - NE: 7
PW[ 7] Coord(1,3)
PW[ 7] ---> W: 6 - E: -2 -  S: 3 - N: 11 - SW: 2 - SE: -2 - NW: 10 - NE: -2
PW[ 6] Coord(1,2)
PW[ 6] ---> W: 5 - E: 7 -  S: 2 - N: 10 - SW: 1 - SE: 3 - NW: 9 - NE: 11
PW[ 3] Coord(0,3)
PW[ 3] ---> W: 2 - E: -2 -  S: -2 - N: 7 - SW: -3 - SE: -2 - NW: 6 - NE: -2
PW[ 1] Coord(0,1)
PW[ 4] Coord(1,0)
PW[ 4] ---> W: -2 - E: 5 -  S: 0 - N: 8 - SW: -2 - SE: 1 - NW: -2 - NE: 9
PW[ 0] Coord(0,0)
PW[ 0] ---> W: -2 - E: 1 -  S: -2 - N: 4 - SW: -2 - SE: -1 - NW: -2 - NE: 5
PW[ 5] Coord(1,1)
PW[ 5] ---> W: 4 - E: 6 -  S: 1 - N: 9 - SW: 0 - SE: 2 - NW: 8 - NE: 10
PW[ 1] ---> W: 0 - E: 2 -  S: -2 - N: 5 - SW: -2 - SE: -1 - NW: -2 - NE: 6
PW[10] Coord(2,2)
PW[10] ---> W: 9 - E: 11 -  S: 6 - N: 14 - SW: 5 - SE: 7 - NW: 13 - NE: 15
PW[ 8] Coord(2,0)
PW[ 8] ---> W: -2 - E: 9 -  S: 4 - N: 12 - SW: -2 - SE: 5 - NW: -2 - NE: 13
PW[11] Coord(2,3)
PW[14] Coord(3,2)
PW[14] ---> W: 13 - E: 15 -  S: 10 - N: -2 - SW: 9 - SE: 11 - NW: -3 - NE: -1
PW[15] Coord(3,3)
PW[15] ---> W: 14 - E: -2 -  S: 11 - N: -2 - SW: 10 - SE: -2 - NW: -3 - NE: -2
PW[12] Coord(3,0)
PW[12] ---> W: -2 - E: 13 -  S: 8 - N: -2 - SW: -2 - SE: 9 - NW: -2 - NE: -1
PW[ 9] Coord(2,1)
PW[ 9] ---> W: 8 - E: 10 -  S: 5 - N: 13 - SW: 4 - SE: 6 - NW: 12 - NE: 14
PW[13] Coord(3,1)
PW[13] ---> W: 12 - E: 14 -  S: 9 - N: -2 - SW: 8 - SE: 10 - NW: -3 - NE: -1
PW[11] ---> W: 10 - E: -2 -  S: 7 - N: 15 - SW: 6 - SE: -2 - NW: 14 - NE: -2
